<?xml version="1.0" encoding="UTF-8"?>
<!-- Generated by org.testng.reporters.JUnitReportReporter -->
<testsuite hostname="DESKTOP-DA62AFG" name="com.test.KayakFlight" tests="1" failures="0" timestamp="10 Sep 2016 00:01:52 GMT" time="12.894" errors="0">
  <testcase name="booking" time="12.894" classname="com.test.KayakFlight"/>
</testsuite> <!-- com.test.KayakFlight -->
