<?xml version="1.0" encoding="UTF-8"?>
<!-- Generated by org.testng.reporters.JUnitReportReporter -->
<testsuite hostname="DESKTOP-DA62AFG" name="com.test.ResourceSelectorTest" tests="1" failures="0" timestamp="26 Sep 2016 05:27:03 GMT" time="4.412" errors="0">
  <testcase name="testPresentationSelection" time="4.412" classname="com.test.ResourceSelectorTest"/>
</testsuite> <!-- com.test.ResourceSelectorTest -->
