<?xml version="1.0" encoding="UTF-8"?>
<!-- Generated by org.testng.reporters.JUnitReportReporter -->
<testsuite hostname="DESKTOP-DA62AFG" name="com.test.LoginPageTest" tests="2" failures="0" timestamp="26 Sep 2016 05:27:03 GMT" time="9.353" errors="0">
  <testcase name="testInvalidLogin" time="4.071" classname="com.test.LoginPageTest"/>
  <testcase name="testInvalidLogin" time="5.282" classname="com.test.LoginPageTest"/>
</testsuite> <!-- com.test.LoginPageTest -->
