<?xml version="1.0" encoding="UTF-8"?>
<!-- Generated by org.testng.reporters.JUnitReportReporter -->
<testsuite hostname="DESKTOP-DA62AFG" name="com.test.HomePageTest" tests="2" failures="0" timestamp="26 Sep 2016 05:27:03 GMT" time="2.023" errors="0">
  <testcase name="testCountSocialIcons" time="0.025" classname="com.test.HomePageTest"/>
  <testcase name="TestLoginClick" time="1.998" classname="com.test.HomePageTest"/>
</testsuite> <!-- com.test.HomePageTest -->
