<?xml version="1.0" encoding="UTF-8"?>
<!-- Generated by org.testng.reporters.JUnitReportReporter -->
<testsuite hostname="DESKTOP-DA62AFG" name="com.test.HomePageTest" tests="2" failures="0" timestamp="24 Sep 2016 04:25:11 GMT" time="2.108" errors="0">
  <testcase name="testCountSocialIcons" time="0.027" classname="com.test.HomePageTest"/>
  <testcase name="TestLoginClick" time="2.081" classname="com.test.HomePageTest"/>
</testsuite> <!-- com.test.HomePageTest -->
