<?xml version="1.0" encoding="UTF-8"?>
<!-- Generated by org.testng.reporters.JUnitReportReporter -->
<testsuite hostname="DESKTOP-DA62AFG" name="com.test.LoginPageTest" tests="2" failures="0" timestamp="24 Sep 2016 05:15:10 GMT" time="10.149" errors="0">
  <testcase name="testInvalidLogin" time="5.829" classname="com.test.LoginPageTest"/>
  <testcase name="testInvalidLogin" time="4.320" classname="com.test.LoginPageTest"/>
</testsuite> <!-- com.test.LoginPageTest -->
