<?xml version="1.0" encoding="UTF-8"?>
<!-- Generated by org.testng.reporters.JUnitReportReporter -->
<testsuite hostname="DESKTOP-DA62AFG" name="com.test.DemoSelectorTest" tests="1" failures="0" timestamp="26 Sep 2016 05:27:03 GMT" time="6.999" errors="0">
  <testcase name="testDemoClickWithExplicitWait" time="6.999" classname="com.test.DemoSelectorTest"/>
</testsuite> <!-- com.test.DemoSelectorTest -->
