<?xml version="1.0" encoding="UTF-8"?>
<!-- Generated by org.testng.reporters.JUnitReportReporter -->
<testsuite skipped="0" hostname="DESKTOP-DA62AFG" name="com.test.GitHubTest" tests="3" failures="0" timestamp="9 Oct 2016 17:50:42 GMT" time="0.013" errors="0">
  <testcase name="testHeaders" time="0.008" classname="com.test.GitHubTest"/>
  <testcase name="testId" time="0.003" classname="com.test.GitHubTest"/>
  <testcase name="testStatusCode" time="0.002" classname="com.test.GitHubTest"/>
</testsuite> <!-- com.test.GitHubTest -->
