<?xml version="1.0" encoding="UTF-8"?>
<!-- Generated by org.testng.reporters.JUnitReportReporter -->
<testsuite skipped="0" hostname="DESKTOP-DA62AFG" name="com.test.TwitterTest" tests="1" failures="0" timestamp="10 Oct 2016 04:09:37 GMT" time="0.005" errors="0">
  <testcase name="testStatusCode" time="0.005" classname="com.test.TwitterTest"/>
</testsuite> <!-- com.test.TwitterTest -->
